t/01test.t ......... 
1..1
ok 1 - test case 1
ok
t/02test.t ....... 
1..2
ok
ok 2 - test case 3
ok
t/03test.t ....... 
1..0
ok

All tests successful.
Files=3, Tests=3,  2 wallclock secs ( 0.05 usr  0.00 sys +  0.02 cusr  0.00 csys =  0.07 CPU)
Result: PASS
